211206151842.347 INFO 'ansible_navigator.setup_logger' New ansible-navigator instance, logging initialized
211206151842.347 INFO 'ansible_navigator.setup_logger' New ansible-runner instance, logging initialized
211206151842.348 DEBUG 'ansible_navigator.main' Share directory '/usr/lib/python3.8/site-packages/share/ansible_navigator' not found (development path)
211206151842.348 DEBUG 'ansible_navigator.main' Share directory '/home/student1/.local/share/ansible_navigator' not found (userbase)
211206151842.348 DEBUG 'ansible_navigator.main' Share directory '/usr/share/ansible_navigator' found (sys.prefix)
211206151842.348 DEBUG 'ansible_navigator.main' Default collection_doc_cache_path set to: /home/student1/.cache/ansible-navigator/collection_doc_cache.db
211206151842.348 DEBUG 'ansible_navigator.main' EDITOR environment variable not set
211206151842.348 DEBUG 'ansible_navigator.main' Default editor_command set to: vi +{line_number} {filename}
211206151842.348 DEBUG 'ansible_navigator.main' No config file set by ANSIBLE_NAVIGATOR_CONFIG
211206151842.348 DEBUG 'ansible_navigator.main' Looking in /home/student1
211206151842.348 DEBUG 'ansible_navigator.main' Looking for '/home/student1/.ansible-navigator.yml', '/home/student1/.ansible-navigator.yaml' and '/home/student1/.ansible-navigator.json'
211206151842.348 DEBUG 'ansible_navigator.main' Found 1: '/home/student1/.ansible-navigator.yml'
211206151842.348 DEBUG 'ansible_navigator.main' Looking in /home/student1/ansible-files
211206151842.348 DEBUG 'ansible_navigator.main' Looking for '/home/student1/ansible-files/ansible-navigator.yml', '/home/student1/ansible-files/ansible-navigator.yaml' and '/home/student1/ansible-files/ansible-navigator.json'
211206151842.348 DEBUG 'ansible_navigator.main' Found 0: 
211206151842.348 DEBUG 'ansible_navigator.main' All found 1: '/home/student1/.ansible-navigator.yml'
211206151842.348 DEBUG 'ansible_navigator.main' Using: /home/student1/.ansible-navigator.yml
211206151842.348 DEBUG 'ansible_navigator.main' Using settings file at /home/student1/.ansible-navigator.yml in search path
211206151842.348 DEBUG 'ansible_navigator.main' Command provided: 'run apache-var.yml -m setup.yml'
211206151842.348 DEBUG 'ansible_navigator.main' ansible-navigator.ansible-runner.artifact-dir not found in settings file
211206151842.348 DEBUG 'ansible_navigator.main' ansible-navigator.ansible-runner.rotate-artifacts-count not found in settings file
211206151842.348 DEBUG 'ansible_navigator.main' ansible-navigator.ansible-runner.timeout not found in settings file
211206151842.348 DEBUG 'ansible_navigator.main' ansible-navigator.app not found in settings file
211206151842.348 DEBUG 'ansible_navigator.main' ansible-navigator.ansible.cmdline not found in settings file
211206151842.348 DEBUG 'ansible_navigator.main' ansible-navigator.collection-doc-cache-path not found in settings file
211206151842.348 DEBUG 'ansible_navigator.main' ansible-navigator.ansible.config not found in settings file
211206151842.349 DEBUG 'ansible_navigator.main' ansible-navigator.color.enable not found in settings file
211206151842.349 DEBUG 'ansible_navigator.main' ansible-navigator.editor.command not found in settings file
211206151842.349 DEBUG 'ansible_navigator.main' ansible-navigator.editor.console not found in settings file
211206151842.349 DEBUG 'ansible_navigator.main' ansible-navigator.help-config not found in settings file
211206151842.349 DEBUG 'ansible_navigator.main' ansible-navigator.help-doc not found in settings file
211206151842.349 DEBUG 'ansible_navigator.main' ansible-navigator.help-inventory not found in settings file
211206151842.349 DEBUG 'ansible_navigator.main' ansible-navigator.help-playbook not found in settings file
211206151842.349 DEBUG 'ansible_navigator.main' ansible-navigator.inventory-columns not found in settings file
211206151842.349 DEBUG 'ansible_navigator.main' ansible-navigator.logging.append not found in settings file
211206151842.349 DEBUG 'ansible_navigator.main' ansible-navigator.logging.file not found in settings file
211206151842.349 DEBUG 'ansible_navigator.main' ansible-navigator.logging.level not found in settings file
211206151842.349 DEBUG 'ansible_navigator.main' ansible-navigator.mode not found in settings file
211206151842.349 DEBUG 'ansible_navigator.main' ansible-navigator.color.osc4 not found in settings file
211206151842.349 DEBUG 'ansible_navigator.main' ansible-navigator.execution-environment.environment-variables.pass not found in settings file
211206151842.349 DEBUG 'ansible_navigator.main' ansible-navigator.ansible.playbook not found in settings file
211206151842.349 DEBUG 'ansible_navigator.main' ansible-navigator.playbook-artifact.enable not found in settings file
211206151842.349 DEBUG 'ansible_navigator.main' ansible-navigator.playbook-artifact.replay not found in settings file
211206151842.349 DEBUG 'ansible_navigator.main' ansible-navigator.playbook-artifact.save-as not found in settings file
211206151842.349 DEBUG 'ansible_navigator.main' ansible-navigator.documentation.plugin.name not found in settings file
211206151842.349 DEBUG 'ansible_navigator.main' ansible-navigator.documentation.plugin.type not found in settings file
211206151842.349 DEBUG 'ansible_navigator.main' ansible-navigator.execution-environment.environment-variables.set not found in settings file
211206151842.349 DEBUG 'ansible_navigator.main' Completed post processing for ansible_runner_artifact_dir. (changed=False)
211206151842.349 DEBUG 'ansible_navigator.main' Completed post processing for ansible_runner_rotate_artifacts_count. (changed=False)
211206151842.349 DEBUG 'ansible_navigator.main' Completed post processing for ansible_runner_timeout. (changed=False)
211206151842.349 DEBUG 'ansible_navigator.main' Completed post processing for cmdline. (changed=False)
211206151842.349 DEBUG 'ansible_navigator.main' Completed post processing for collection_doc_cache_path. (changed=False)
211206151842.349 DEBUG 'ansible_navigator.main' Completed post processing for container_engine. (changed=False)
211206151842.349 DEBUG 'ansible_navigator.main' Completed post processing for display_color. (changed=False)
211206151842.349 DEBUG 'ansible_navigator.main' Completed post processing for editor_console. (changed=False)
211206151842.349 DEBUG 'ansible_navigator.main' Completed post processing for execution_environment. (changed=False)
211206151842.349 DEBUG 'ansible_navigator.main' Completed post processing for execution_environment_image. (changed=False)
211206151842.350 DEBUG 'ansible_navigator.main' Completed post processing for execution_environment_volume_mounts. (changed=True)
211206151842.350 DEBUG 'ansible_navigator.main'  before: '[{'src': '/etc/ansible/', 'dest': '/etc/ansible/'}]'
211206151842.350 DEBUG 'ansible_navigator.main'  after: '['/etc/ansible/:/etc/ansible/']'
211206151842.350 DEBUG 'ansible_navigator.main' Completed post processing for help_config. (changed=False)
211206151842.350 DEBUG 'ansible_navigator.main' Completed post processing for help_doc. (changed=False)
211206151842.350 DEBUG 'ansible_navigator.main' Completed post processing for help_inventory. (changed=False)
211206151842.350 DEBUG 'ansible_navigator.main' Completed post processing for help_playbook. (changed=False)
211206151842.350 DEBUG 'ansible_navigator.main' Completed post processing for inventory. (changed=False)
211206151842.350 DEBUG 'ansible_navigator.main' Completed post processing for inventory_column. (changed=False)
211206151842.350 DEBUG 'ansible_navigator.main' Completed post processing for log_append. (changed=False)
211206151842.350 DEBUG 'ansible_navigator.main' Completed post processing for log_file. (changed=False)
211206151842.350 DEBUG 'ansible_navigator.main' Completed post processing for mode. (changed=False)
211206151842.350 DEBUG 'ansible_navigator.main' Completed post processing for osc4. (changed=False)
211206151842.350 DEBUG 'ansible_navigator.main' Completed post processing for pass_environment_variable. (changed=False)
211206151842.350 DEBUG 'ansible_navigator.main' Completed post processing for playbook. (changed=True)
211206151842.350 DEBUG 'ansible_navigator.main'  before: 'apache-var.yml'
211206151842.350 DEBUG 'ansible_navigator.main'  after: '/home/student1/ansible-files/apache-var.yml'
211206151842.350 DEBUG 'ansible_navigator.main' Completed post processing for playbook_artifact_enable. (changed=False)
211206151842.350 DEBUG 'ansible_navigator.main' Completed post processing for playbook_artifact_replay. (changed=False)
211206151842.350 DEBUG 'ansible_navigator.main' Completed post processing for plugin_name. (changed=False)
211206151842.350 DEBUG 'ansible_navigator.main' Completed post processing for set_environment_variable. (changed=False)
211206151842.350 WARNING 'ansible_navigator.main' Configuration errors encountered, rolling back to previous configuration.
211206151842.350 DEBUG 'ansible_navigator.main' Prior to rollback: ansible_runner_artifact_dir = 'Constants.NOT_SET' (Constants/value has not been set)
211206151842.350 DEBUG 'ansible_navigator.main' Prior to rollback: ansible_runner_rotate_artifacts_count = 'Constants.NOT_SET' (Constants/value has not been set)
211206151842.350 DEBUG 'ansible_navigator.main' Prior to rollback: ansible_runner_timeout = 'Constants.NOT_SET' (Constants/value has not been set)
211206151842.350 DEBUG 'ansible_navigator.main' Prior to rollback: app = 'run' (str/cli parameters)
211206151842.350 DEBUG 'ansible_navigator.main' Prior to rollback: cmdline = 'Constants.NOT_SET' (Constants/value has not been set)
211206151842.351 DEBUG 'ansible_navigator.main' Prior to rollback: collection_doc_cache_path = '/home/student1/.cache/ansible-navigator/collection_doc_cache.db' (str/default configuration value)
211206151842.351 DEBUG 'ansible_navigator.main' Prior to rollback: config = 'Constants.NOT_SET' (Constants/value has not been set)
211206151842.351 DEBUG 'ansible_navigator.main' Prior to rollback: container_engine = 'podman' (str/user provided configuration file)
211206151842.351 DEBUG 'ansible_navigator.main' Prior to rollback: display_color = 'True' (bool/default configuration value)
211206151842.351 DEBUG 'ansible_navigator.main' Prior to rollback: editor_command = 'vi +{line_number} {filename}' (str/default configuration value)
211206151842.351 DEBUG 'ansible_navigator.main' Prior to rollback: editor_console = 'True' (bool/default configuration value)
211206151842.351 DEBUG 'ansible_navigator.main' Prior to rollback: execution_environment = 'True' (bool/user provided configuration file)
211206151842.351 DEBUG 'ansible_navigator.main' Prior to rollback: execution_environment_image = 'registry.redhat.io/ansible-automation-platform-20-early-access/ee-supported-rhel8:2.0.0' (str/user provided configuration file)
211206151842.351 DEBUG 'ansible_navigator.main' Prior to rollback: execution_environment_volume_mounts = '['/etc/ansible/:/etc/ansible/']' (list/user provided configuration file)
211206151842.351 DEBUG 'ansible_navigator.main' Prior to rollback: help_config = 'False' (bool/default configuration value)
211206151842.351 DEBUG 'ansible_navigator.main' Prior to rollback: help_doc = 'False' (bool/default configuration value)
211206151842.351 DEBUG 'ansible_navigator.main' Prior to rollback: help_inventory = 'False' (bool/default configuration value)
211206151842.351 DEBUG 'ansible_navigator.main' Prior to rollback: help_playbook = 'False' (bool/default configuration value)
211206151842.351 DEBUG 'ansible_navigator.main' Prior to rollback: inventory = '['/home/student1/lab_inventory/hosts']' (list/user provided configuration file)
211206151842.351 DEBUG 'ansible_navigator.main' Prior to rollback: inventory_column = 'Constants.NOT_SET' (Constants/value has not been set)
211206151842.351 DEBUG 'ansible_navigator.main' Prior to rollback: log_append = 'True' (bool/default configuration value)
211206151842.351 DEBUG 'ansible_navigator.main' Prior to rollback: log_file = '/home/student1/ansible-files/ansible-navigator.log' (str/default configuration value)
211206151842.351 DEBUG 'ansible_navigator.main' Prior to rollback: log_level = 'warning' (str/default configuration value)
211206151842.351 DEBUG 'ansible_navigator.main' Prior to rollback: mode = 'setup.yml' (str/cli parameters)
211206151842.351 DEBUG 'ansible_navigator.main' Prior to rollback: osc4 = 'True' (bool/default configuration value)
211206151842.351 DEBUG 'ansible_navigator.main' Prior to rollback: pass_environment_variable = 'Constants.NOT_SET' (Constants/value has not been set)
211206151842.351 DEBUG 'ansible_navigator.main' Prior to rollback: playbook = '/home/student1/ansible-files/apache-var.yml' (str/cli parameters)
211206151842.351 DEBUG 'ansible_navigator.main' Prior to rollback: playbook_artifact_enable = 'True' (bool/default configuration value)
211206151842.351 DEBUG 'ansible_navigator.main' Prior to rollback: playbook_artifact_replay = 'Constants.NOT_SET' (Constants/value has not been set)
211206151842.351 DEBUG 'ansible_navigator.main' Prior to rollback: playbook_artifact_save_as = '{playbook_dir}/{playbook_name}-artifact-{ts_utc}.json' (str/default configuration value)
211206151842.351 DEBUG 'ansible_navigator.main' Prior to rollback: plugin_name = 'Constants.NOT_SET' (Constants/value has not been set)
211206151842.351 DEBUG 'ansible_navigator.main' Prior to rollback: plugin_type = 'module' (str/default configuration value)
211206151842.351 DEBUG 'ansible_navigator.main' Prior to rollback: pull_policy = 'missing' (str/user provided configuration file)
211206151842.351 DEBUG 'ansible_navigator.main' Prior to rollback: set_environment_variable = 'Constants.NOT_SET' (Constants/value has not been set)
211206151842.351 DEBUG 'ansible_navigator.main' After rollback: ansible_runner_artifact_dir = 'Constants.NOT_SET' (Constants/value has not been set)
211206151842.351 DEBUG 'ansible_navigator.main' After rollback: ansible_runner_rotate_artifacts_count = 'Constants.NOT_SET' (Constants/value has not been set)
211206151842.351 DEBUG 'ansible_navigator.main' After rollback: ansible_runner_timeout = 'Constants.NOT_SET' (Constants/value has not been set)
211206151842.352 DEBUG 'ansible_navigator.main' After rollback: app = 'Constants.NOT_SET' (Constants/value has not been set)
211206151842.352 DEBUG 'ansible_navigator.main' After rollback: cmdline = 'Constants.NOT_SET' (Constants/value has not been set)
211206151842.352 DEBUG 'ansible_navigator.main' After rollback: collection_doc_cache_path = 'Constants.NOT_SET' (Constants/value has not been set)
211206151842.352 DEBUG 'ansible_navigator.main' After rollback: config = 'Constants.NOT_SET' (Constants/value has not been set)
211206151842.352 DEBUG 'ansible_navigator.main' After rollback: container_engine = 'Constants.NOT_SET' (Constants/value has not been set)
211206151842.352 DEBUG 'ansible_navigator.main' After rollback: display_color = 'Constants.NOT_SET' (Constants/value has not been set)
211206151842.352 DEBUG 'ansible_navigator.main' After rollback: editor_command = 'Constants.NOT_SET' (Constants/value has not been set)
211206151842.352 DEBUG 'ansible_navigator.main' After rollback: editor_console = 'Constants.NOT_SET' (Constants/value has not been set)
211206151842.352 DEBUG 'ansible_navigator.main' After rollback: execution_environment = 'Constants.NOT_SET' (Constants/value has not been set)
211206151842.352 DEBUG 'ansible_navigator.main' After rollback: execution_environment_image = 'Constants.NOT_SET' (Constants/value has not been set)
211206151842.352 DEBUG 'ansible_navigator.main' After rollback: execution_environment_volume_mounts = 'Constants.NOT_SET' (Constants/value has not been set)
211206151842.352 DEBUG 'ansible_navigator.main' After rollback: help_config = 'Constants.NOT_SET' (Constants/value has not been set)
211206151842.352 DEBUG 'ansible_navigator.main' After rollback: help_doc = 'Constants.NOT_SET' (Constants/value has not been set)
211206151842.352 DEBUG 'ansible_navigator.main' After rollback: help_inventory = 'Constants.NOT_SET' (Constants/value has not been set)
211206151842.352 DEBUG 'ansible_navigator.main' After rollback: help_playbook = 'Constants.NOT_SET' (Constants/value has not been set)
211206151842.352 DEBUG 'ansible_navigator.main' After rollback: inventory = 'Constants.NOT_SET' (Constants/value has not been set)
211206151842.352 DEBUG 'ansible_navigator.main' After rollback: inventory_column = 'Constants.NOT_SET' (Constants/value has not been set)
211206151842.352 DEBUG 'ansible_navigator.main' After rollback: log_append = 'Constants.NOT_SET' (Constants/value has not been set)
211206151842.352 DEBUG 'ansible_navigator.main' After rollback: log_file = 'Constants.NOT_SET' (Constants/value has not been set)
211206151842.352 DEBUG 'ansible_navigator.main' After rollback: log_level = 'Constants.NOT_SET' (Constants/value has not been set)
211206151842.353 DEBUG 'ansible_navigator.main' After rollback: mode = 'Constants.NOT_SET' (Constants/value has not been set)
211206151842.353 DEBUG 'ansible_navigator.main' After rollback: osc4 = 'Constants.NOT_SET' (Constants/value has not been set)
211206151842.353 DEBUG 'ansible_navigator.main' After rollback: pass_environment_variable = 'Constants.NOT_SET' (Constants/value has not been set)
211206151842.353 DEBUG 'ansible_navigator.main' After rollback: playbook = 'Constants.NOT_SET' (Constants/value has not been set)
211206151842.353 DEBUG 'ansible_navigator.main' After rollback: playbook_artifact_enable = 'Constants.NOT_SET' (Constants/value has not been set)
211206151842.353 DEBUG 'ansible_navigator.main' After rollback: playbook_artifact_replay = 'Constants.NOT_SET' (Constants/value has not been set)
211206151842.353 DEBUG 'ansible_navigator.main' After rollback: playbook_artifact_save_as = 'Constants.NOT_SET' (Constants/value has not been set)
211206151842.353 DEBUG 'ansible_navigator.main' After rollback: plugin_name = 'Constants.NOT_SET' (Constants/value has not been set)
211206151842.353 DEBUG 'ansible_navigator.main' After rollback: plugin_type = 'Constants.NOT_SET' (Constants/value has not been set)
211206151842.353 DEBUG 'ansible_navigator.main' After rollback: pull_policy = 'Constants.NOT_SET' (Constants/value has not been set)
211206151842.353 DEBUG 'ansible_navigator.main' After rollback: set_environment_variable = 'Constants.NOT_SET' (Constants/value has not been set)
211206151842.353 DEBUG 'ansible_navigator.main' Configuration rollback complete.
211206151842.353 ERROR 'ansible_navigator.main' Command provided: 'run apache-var.yml -m setup.yml'
211206151842.353 ERROR 'ansible_navigator.main' Subcommand 'run' does not support mode 'setup.yml'. Supported modes: 'stdout' and 'interactive'.
211206151842.353 INFO 'ansible_navigator.main' Try again with '-m stdout' or '-m interactive'
211206151842.353 ERROR 'ansible_navigator.main' mode must be one of 'stdout' or 'interactive', but set as 'setup.yml' in cli parameters
211206151842.353 INFO 'ansible_navigator.main' Try again with '-m stdout' or '-m interactive'
211206151842.354 ERROR 'ansible_navigator.main' Configuration failed, using default log file location: /home/student1/ansible-files/ansible-navigator.log. Log level set to debug
211206151842.354 INFO 'ansible_navigator.main' Review the hints and log file to see what went wrong: /home/student1/ansible-files/ansible-navigator.log
